This file contains any messages produced by compilers while
running configure, to aid debugging if configure makes a mistake.

It was created by scrypt configure 1.2.0, which was
generated by GNU Autoconf 2.69.  Invocation command line was

  $ ./configure 

no-create --no-recursion

## --------- ##
## Platform. ##
## --------- ##

hostname = Kostyas-MacBook-Pro-2.local
uname -m = x86_64
uname -r = 20.3.0
uname -s = Darwin
uname -v = Darwin Kernel Version 20.3.0: Thu Jan 21 00:07:06 PST 2021; root:xnu-7195.81.3~1/RELEASE_X86_64

/usr/bin/uname -p = i386
/bin/uname -X     = unknown

/bin/arch              = unknown
/usr/bin/arch -k       = unknown
/usr/convex/getsysinfo = unknown
/usr/bin/hostinfo      = Mach kernel version:
	 Darwin Kernel Version 20.3.0: Thu Jan 21 00:07:06 PST 2021; root:xnu-7195.81.3~1/RELEASE_X86_64
Kernel configured for up to 12 processors.
6 processors are physically available.
12 processors are logically available.
Processor type: x86_64h (Intel x86-64h Haswell)
Processors active: 0 1 2 3 4 5 6 7 8 9 10 11
Primary memory available: 16.00 gigabytes
Default processor set: 606 tasks, 4286 threads, 12 processors
Load average: 97.39, Mach factor: 0.14
/bin/machine           = unknown
/usr/bin/oslevel       = unknown
/bin/universe          = unknown

## --------- ##
## Platform. ##
## --------- ##

hostname = Kostyas-MacBook-Pro-2.local
uname -m = x86_64
uname -r = 20.3.0
uname -s = Darwin
uname -v = Darwin Kernel Version 20.3.0: Thu Jan 21 00:07:06 PST 2021; root:xnu-7195.81.3~1/RELEASE_X86_64

/usr/bin/uname -p = i386
/bin/uname -X     = unknown

/bin/arch              = unknown
/usr/bin/arch -k       = unknown
/usr/convex/getsysinfo = unknown
/usr/bin/hostinfo      = Mach kernel version:
	 Darwin Kernel Version 20.3.0: Thu Jan 21 00:07:06 PST 2021; root:xnu-7195.81.3~1/RELEASE_X86_64
Kernel configured for up to 12 processors.
6 processors are physically available.
12 processors are logically available.
Processor type: x86_64h (Intel x86-64h Haswell)
Processors active: 0 1 2 3 4 5 6 7 8 9 10 11
Primary memory available: 16.00 gigabytes
Default processor set: 606 tasks, 4286 threads, 12 processors
Load average: 97.39, Mach factor: 0.14
/bin/machine           = unknown
/usr/bin/oslevel       = unknown
/bin/universe          = unknown

PATH: /var/folders/rd/69tr37ts3rqgw8f2f4wqdl5r0000gn/T/yarn--1625395830873-0.33799004159296664
PATH: /Users/kostyapogromskiy/Projects/blockchain/expo-web3detached/node_modules/scrypt/node_modules/.bin
PATH: /var/folders/rd/69tr37ts3rqgw8f2f4wqdl5r0000gn/T/yarn--1625395830873-0.33799004159296664
PATH: /Users/kostyapogromskiy/.config/yarn/link/node_modules/.bin
PATH: /Users/kostyapogromskiy/Projects/blockchain/expo-web3detached/node_modules/scrypt/node_modules/.bin
PATH: /Users/kostyapogromskiy/.nvm/versions/node/v10.16.0/libexec/lib/node_modules/npm/bin/node-gyp-bin
PATH: /Users/kostyapogromskiy/.config/yarn/link/node_modules/.bin
PATH: /Users/kostyapogromskiy/.nvm/versions/node/v10.16.0/lib/node_modules/npm/bin/node-gyp-bin
PATH: /Users/kostyapogromskiy/.nvm/versions/node/v10.16.0/libexec/lib/node_modules/npm/bin/node-gyp-bin
PATH: /Users/kostyapogromskiy/.nvm/versions/node/v10.16.0/bin/node_modules/npm/bin/node-gyp-bin
PATH: /Users/kostyapogromskiy/.nvm/versions/node/v10.16.0/lib/node_modules/npm/bin/node-gyp-bin
PATH: /Users/kostyapogromskiy/.nvm/versions/node/v10.16.0/bin/node_modules/npm/bin/node-gyp-bin
PATH: /Users/kostyapogromskiy/bin
PATH: /Users/kostyapogromskiy/bin
PATH: /usr/local/opt/ant@1.9/bin
PATH: /Users/kostyapogromskiy/.local/share/velas/install/active_release/bin
PATH: /usr/local/opt/ant@1.9/bin
PATH: /Users/kostyapogromskiy/.nvm/versions/node/v10.16.0/bin
PATH: /opt/local/bin
PATH: /opt/local/sbin
PATH: /Users/kostyapogromskiy/.local/share/velas/install/active_release/bin
PATH: /Users/kostyapogromskiy/.cargo/bin
PATH: /usr/local/bin
PATH: /Users/kostyapogromskiy/.nvm/versions/node/v10.16.0/bin
PATH: /usr/bin
PATH: /opt/local/bin
PATH: /bin
PATH: /opt/local/sbin
PATH: /Users/kostyapogromskiy/.cargo/bin
PATH: /usr/sbin
PATH: /usr/local/bin
PATH: /sbin
PATH: /usr/bin
PATH: /usr/local/go/bin
PATH: /bin
PATH: /opt/X11/bin
PATH: /Library/Apple/usr/bin
PATH: /usr/sbin
PATH: /Users/kostyapogromskiy/Library/Android/sdk/tools
PATH: /sbin
PATH: /Users/kostyapogromskiy/Library/Android/sdk/platform-tools
PATH: /usr/local/go/bin
PATH: /Users/kostyapogromskiy/Downloads/sonar-scanner-4.2.0.1873-macosx/bin/
PATH: /opt/X11/bin
PATH: /Library/Apple/usr/bin
PATH: /Users/kostyapogromskiy/Library/Android/sdk/tools
PATH: /Users/kostyapogromskiy/Library/Android/sdk/platform-tools
PATH: /Users/kostyapogromskiy/Downloads/sonar-scanner-4.2.0.1873-macosx/bin/


## ----------- ##
## Core tests. ##
## ----------- ##



## ----------- ##
## Core tests. ##
## ----------- ##

configure:2301: checking for a BSD-compatible install
configure:2301: checking for a BSD-compatible install
configure:2369: result: /usr/bin/install -c
configure:2369: result: /usr/bin/install -c
configure:2380: checking whether build environment is sane
configure:2380: checking whether build environment is sane
configure:2435: result: yes
configure:2435: result: yes
configure:2586: checking for a thread-safe mkdir -p
configure:2586: checking for a thread-safe mkdir -p
configure:2625: result: /usr/local/bin/gmkdir -p
configure:2625: result: /usr/local/bin/gmkdir -p
configure:2632: checking for gawk
configure:2632: checking for gawk
configure:2662: result: no
configure:2632: checking for mawk
configure:2662: result: no
configure:2632: checking for mawk
configure:2662: result: no
configure:2662: result: no
configure:2632: checking for nawk
configure:2632: checking for nawk
configure:2662: result: no
configure:2632: checking for awk
configure:2648: found /usr/bin/awk
configure:2659: result: awk
configure:2670: checking whether make sets $(MAKE)
configure:2662: result: no
configure:2632: checking for awk
configure:2648: found /usr/bin/awk
configure:2659: result: awk
configure:2670: checking whether make sets $(MAKE)
configure:2692: result: yes
configure:2692: result: yes
configure:2721: checking whether make supports nested variables
configure:2721: checking whether make supports nested variables
configure:2738: result: yes
configure:2738: result: yes
configure:2912: checking for gcc
configure:2928: found /usr/bin/gcc
configure:2939: result: gcc
configure:3168: checking for C compiler version
configure:3177: gcc --version >&5
configure:2912: checking for gcc
configure:2928: found /usr/bin/gcc
configure:2939: result: gcc
configure:3168: checking for C compiler version
configure:3177: gcc --version >&5
Apple clang version 12.0.5 (clang-1205.0.22.9)
Target: x86_64-apple-darwin20.3.0
Thread model: posix
InstalledDir: /Applications/Xcode.app/Contents/Developer/Toolchains/XcodeDefault.xctoolchain/usr/bin
Configured with: --prefix=/Applications/Xcode.app/Contents/Developer/usr --with-gxx-include-dir=/Applications/Xcode.app/Contents/Developer/Platforms/MacOSX.platform/Developer/SDKs/MacOSX.sdk/usr/include/c++/4.2.1
configure:3188: $? = 0
configure:3177: gcc -v >&5
Apple clang version 12.0.5 (clang-1205.0.22.9)
Target: x86_64-apple-darwin20.3.0
Thread model: posix
InstalledDir: /Applications/Xcode.app/Contents/Developer/Toolchains/XcodeDefault.xctoolchain/usr/bin
configure:3188: $? = 0
configure:3177: gcc -v >&5
Configured with: --prefix=/Applications/Xcode.app/Contents/Developer/usr --with-gxx-include-dir=/Applications/Xcode.app/Contents/Developer/Platforms/MacOSX.platform/Developer/SDKs/MacOSX.sdk/usr/include/c++/4.2.1
configure:3188: $? = 0
configure:3177: gcc -V >&5
configure:3188: $? = 0
configure:3177: gcc -V >&5
configure:3188: $? = 1
configure:3177: gcc -qversion >&5
configure:3188: $? = 1
configure:3177: gcc -qversion >&5
clang: error: unknown argument '-qversion'; did you mean '--version'?
clang: error: no input files
clang: error: unknown argument '-qversion'; did you mean '--version'?
clang: error: no input files
configure:3188: $? = 1
configure:3188: $? = 1
configure:3208: checking whether the C compiler works
configure:3208: checking whether the C compiler works
configure:3230: gcc    conftest.c  >&5
configure:3230: gcc    conftest.c  >&5
configure:3234: $? = 0
configure:3272: result: no
configure: failed program was:
| /* confdefs.h */
| #define PACKAGE_NAME "scrypt"
| #define PACKAGE_NAME "scrypt"
| #define PACKAGE_TARNAME "scrypt"
| #define PACKAGE_TARNAME "scrypt"
| #define PACKAGE_VERSION "1.2.0"
| #define PACKAGE_VERSION "1.2.0"
| #define PACKAGE_STRING "scrypt 1.2.0"
| #define PACKAGE_STRING "scrypt 1.2.0"
| #define PACKAGE_BUGREPORT ""
| #define PACKAGE_BUGREPORT ""
| #define PACKAGE_URL ""
| #define PACKAGE_URL ""
| #define PACKAGE "scrypt"
| #define VERSION "1.2.0"
| #define PACKAGE "scrypt"
| #define VERSION "1.2.0"
| /* end confdefs.h.  */
| 
| int
| main ()
| {
| 
|   ;
|   return 0;
| }
configure:3277: error: in `/Users/kostyapogromskiy/Projects/blockchain/expo-web3detached/node_modules/scrypt/scrypt/scrypt-1.2.0':
configure:3279: error: C compiler cannot create executables
See `config.log' for more details

## ---------------- ##
## Cache variables. ##
## ---------------- ##

configure:3234: $? = 0
configure:3282: result: yes
configure:3285: checking for C compiler default output file name
configure:3287: result: a.out
configure:3293: checking for suffix of executables
configure:3300: gcc -o conftest    conftest.c  >&5
ac_cv_env_CC_set=
ac_cv_env_CC_value=
ac_cv_env_CFLAGS_set=
ac_cv_env_CFLAGS_value=
ac_cv_env_CPPFLAGS_set=
ac_cv_env_CPPFLAGS_value=
ac_cv_env_CPP_set=
ac_cv_env_CPP_value=
ac_cv_env_LDFLAGS_set=
ac_cv_env_LDFLAGS_value=
ac_cv_env_LIBS_set=
ac_cv_env_LIBS_value=
ac_cv_env_build_alias_set=
ac_cv_env_build_alias_value=
ac_cv_env_host_alias_set=
ac_cv_env_host_alias_value=
ac_cv_env_target_alias_set=
ac_cv_env_target_alias_value=
ac_cv_path_install='/usr/bin/install -c'
ac_cv_path_mkdir=/usr/local/bin/gmkdir
ac_cv_prog_AWK=awk
ac_cv_prog_ac_ct_CC=gcc
ac_cv_prog_make_make_set=yes
am_cv_make_support_nested_variables=yes

## ----------------- ##
## Output variables. ##
## ----------------- ##

ACLOCAL='${SHELL} /Users/kostyapogromskiy/Projects/blockchain/expo-web3detached/node_modules/scrypt/scrypt/scrypt-1.2.0/config.aux/missing aclocal-1.15'
AMDEPBACKSLASH=''
AMDEP_FALSE=''
AMDEP_TRUE=''
AMTAR='$${TAR-tar}'
AM_BACKSLASH='\'
AM_DEFAULT_V='$(AM_DEFAULT_VERBOSITY)'
AM_DEFAULT_VERBOSITY='1'
AM_V='$(V)'
AUTOCONF='${SHELL} /Users/kostyapogromskiy/Projects/blockchain/expo-web3detached/node_modules/scrypt/scrypt/scrypt-1.2.0/config.aux/missing autoconf'
AUTOHEADER='${SHELL} /Users/kostyapogromskiy/Projects/blockchain/expo-web3detached/node_modules/scrypt/scrypt/scrypt-1.2.0/config.aux/missing autoheader'
AUTOMAKE='${SHELL} /Users/kostyapogromskiy/Projects/blockchain/expo-web3detached/node_modules/scrypt/scrypt/scrypt-1.2.0/config.aux/missing automake-1.15'
AWK='awk'
CC='gcc'
CCDEPMODE=''
CFLAGS=''
CPP=''
CPPFLAGS=''
CYGPATH_W='echo'
DEFS=''
DEPDIR=''
ECHO_C='\c'
ECHO_N=''
ECHO_T=''
EGREP=''
EXEEXT=''
GREP=''
INSTALL_DATA='${INSTALL} -m 644'
INSTALL_PROGRAM='${INSTALL}'
INSTALL_SCRIPT='${INSTALL}'
INSTALL_STRIP_PROGRAM='$(install_sh) -c -s'
LDFLAGS=''
LIBOBJS=''
LIBS=''
LTLIBOBJS=''
MAINT=''
MAINTAINER_MODE_FALSE=''
MAINTAINER_MODE_TRUE=''
MAKEINFO='${SHELL} /Users/kostyapogromskiy/Projects/blockchain/expo-web3detached/node_modules/scrypt/scrypt/scrypt-1.2.0/config.aux/missing makeinfo'
MKDIR_P='/usr/local/bin/gmkdir -p'
OBJEXT=''
PACKAGE='scrypt'
PACKAGE_BUGREPORT=''
PACKAGE_NAME='scrypt'
PACKAGE_STRING='scrypt 1.2.0'
PACKAGE_TARNAME='scrypt'
PACKAGE_URL=''
PACKAGE_VERSION='1.2.0'
PATH_SEPARATOR=':'
RANLIB=''
SET_MAKE=''
SHELL='/bin/sh'
STRIP=''
VERSION='1.2.0'
ac_ct_CC='gcc'
am__EXEEXT_FALSE=''
am__EXEEXT_TRUE=''
am__fastdepCC_FALSE=''
am__fastdepCC_TRUE=''
am__include=''
am__isrc=''
am__leading_dot='.'
am__nodep=''
am__quote=''
am__tar='$${TAR-tar} chof - "$$tardir"'
am__untar='$${TAR-tar} xf -'
bindir='${exec_prefix}/bin'
build_alias=''
datadir='${datarootdir}'
datarootdir='${prefix}/share'
docdir='${datarootdir}/doc/${PACKAGE_TARNAME}'
dvidir='${docdir}'
exec_prefix='NONE'
host_alias=''
htmldir='${docdir}'
includedir='${prefix}/include'
infodir='${datarootdir}/info'
install_sh='${SHELL} /Users/kostyapogromskiy/Projects/blockchain/expo-web3detached/node_modules/scrypt/scrypt/scrypt-1.2.0/config.aux/install-sh'
libdir='${exec_prefix}/lib'
libexecdir='${exec_prefix}/libexec'
localedir='${datarootdir}/locale'
localstatedir='${prefix}/var'
mandir='${datarootdir}/man'
mkdir_p='$(MKDIR_P)'
oldincludedir='/usr/include'
pdfdir='${docdir}'
prefix='NONE'
program_transform_name='s,x,x,'
psdir='${docdir}'
sbindir='${exec_prefix}/sbin'
sharedstatedir='${prefix}/com'
sysconfdir='${prefix}/etc'
target_alias=''

## ----------- ##
## confdefs.h. ##
## ----------- ##

/* confdefs.h */
#define PACKAGE_NAME "scrypt"
#define PACKAGE_NAME "scrypt"
#define PACKAGE_TARNAME "scrypt"
#define PACKAGE_TARNAME "scrypt"
#define PACKAGE_VERSION "1.2.0"
#define PACKAGE_VERSION "1.2.0"
#define PACKAGE_STRING "scrypt 1.2.0"
#define PACKAGE_STRING "scrypt 1.2.0"
#define PACKAGE_BUGREPORT ""
#define PACKAGE_BUGREPORT ""
#define PACKAGE_URL ""
#define PACKAGE_URL ""
#define PACKAGE "scrypt"
#define VERSION "1.2.0"
#define PACKAGE "scrypt"
#define VERSION "1.2.0"

configure: exit 77
clang: error: no such file or directory: 'conftest.c'
clang: error: no input files
configure:3304: $? = 1
configure:3320: error: in `/Users/kostyapogromskiy/Projects/blockchain/expo-web3detached/node_modules/scrypt/scrypt/scrypt-1.2.0':
configure:3322: error: cannot compute suffix of executables: cannot compile and link
See `config.log' for more details

## ---------------- ##
## Cache variables. ##
## ---------------- ##

ac_cv_env_CC_set=
ac_cv_env_CC_value=
ac_cv_env_CFLAGS_set=
ac_cv_env_CFLAGS_value=
ac_cv_env_CPPFLAGS_set=
ac_cv_env_CPPFLAGS_value=
ac_cv_env_CPP_set=
ac_cv_env_CPP_value=
ac_cv_env_LDFLAGS_set=
ac_cv_env_LDFLAGS_value=
ac_cv_env_LIBS_set=
ac_cv_env_LIBS_value=
ac_cv_env_build_alias_set=
ac_cv_env_build_alias_value=
ac_cv_env_host_alias_set=
ac_cv_env_host_alias_value=
ac_cv_env_target_alias_set=
ac_cv_env_target_alias_value=
ac_cv_path_install='/usr/bin/install -c'
ac_cv_path_mkdir=/usr/local/bin/gmkdir
ac_cv_prog_AWK=awk
ac_cv_prog_ac_ct_CC=gcc
ac_cv_prog_make_make_set=yes
am_cv_make_support_nested_variables=yes

## ----------------- ##
## Output variables. ##
## ----------------- ##

ACLOCAL='${SHELL} /Users/kostyapogromskiy/Projects/blockchain/expo-web3detached/node_modules/scrypt/scrypt/scrypt-1.2.0/config.aux/missing aclocal-1.15'
AMDEPBACKSLASH=''
AMDEP_FALSE=''
AMDEP_TRUE=''
AMTAR='$${TAR-tar}'
AM_BACKSLASH='\'
AM_DEFAULT_V='$(AM_DEFAULT_VERBOSITY)'
AM_DEFAULT_VERBOSITY='1'
AM_V='$(V)'
AUTOCONF='${SHELL} /Users/kostyapogromskiy/Projects/blockchain/expo-web3detached/node_modules/scrypt/scrypt/scrypt-1.2.0/config.aux/missing autoconf'
AUTOHEADER='${SHELL} /Users/kostyapogromskiy/Projects/blockchain/expo-web3detached/node_modules/scrypt/scrypt/scrypt-1.2.0/config.aux/missing autoheader'
AUTOMAKE='${SHELL} /Users/kostyapogromskiy/Projects/blockchain/expo-web3detached/node_modules/scrypt/scrypt/scrypt-1.2.0/config.aux/missing automake-1.15'
AWK='awk'
CC='gcc'
CCDEPMODE=''
CFLAGS=''
CPP=''
CPPFLAGS=''
CYGPATH_W='echo'
DEFS=''
DEPDIR=''
ECHO_C='\c'
ECHO_N=''
ECHO_T=''
EGREP=''
EXEEXT=''
GREP=''
INSTALL_DATA='${INSTALL} -m 644'
INSTALL_PROGRAM='${INSTALL}'
INSTALL_SCRIPT='${INSTALL}'
INSTALL_STRIP_PROGRAM='$(install_sh) -c -s'
LDFLAGS=''
LIBOBJS=''
LIBS=''
LTLIBOBJS=''
MAINT=''
MAINTAINER_MODE_FALSE=''
MAINTAINER_MODE_TRUE=''
MAKEINFO='${SHELL} /Users/kostyapogromskiy/Projects/blockchain/expo-web3detached/node_modules/scrypt/scrypt/scrypt-1.2.0/config.aux/missing makeinfo'
MKDIR_P='/usr/local/bin/gmkdir -p'
OBJEXT=''
PACKAGE='scrypt'
PACKAGE_BUGREPORT=''
PACKAGE_NAME='scrypt'
PACKAGE_STRING='scrypt 1.2.0'
PACKAGE_TARNAME='scrypt'
PACKAGE_URL=''
PACKAGE_VERSION='1.2.0'
PATH_SEPARATOR=':'
RANLIB=''
SET_MAKE=''
SHELL='/bin/sh'
STRIP=''
VERSION='1.2.0'
ac_ct_CC='gcc'
am__EXEEXT_FALSE=''
am__EXEEXT_TRUE=''
am__fastdepCC_FALSE=''
am__fastdepCC_TRUE=''
am__include=''
am__isrc=''
am__leading_dot='.'
am__nodep=''
am__quote=''
am__tar='$${TAR-tar} chof - "$$tardir"'
am__untar='$${TAR-tar} xf -'
bindir='${exec_prefix}/bin'
build_alias=''
datadir='${datarootdir}'
datarootdir='${prefix}/share'
docdir='${datarootdir}/doc/${PACKAGE_TARNAME}'
dvidir='${docdir}'
exec_prefix='NONE'
host_alias=''
htmldir='${docdir}'
includedir='${prefix}/include'
infodir='${datarootdir}/info'
install_sh='${SHELL} /Users/kostyapogromskiy/Projects/blockchain/expo-web3detached/node_modules/scrypt/scrypt/scrypt-1.2.0/config.aux/install-sh'
libdir='${exec_prefix}/lib'
libexecdir='${exec_prefix}/libexec'
localedir='${datarootdir}/locale'
localstatedir='${prefix}/var'
mandir='${datarootdir}/man'
mkdir_p='$(MKDIR_P)'
oldincludedir='/usr/include'
pdfdir='${docdir}'
prefix='NONE'
program_transform_name='s,x,x,'
psdir='${docdir}'
sbindir='${exec_prefix}/sbin'
sharedstatedir='${prefix}/com'
sysconfdir='${prefix}/etc'
target_alias=''

configure: exit 1
